[2025-11-22T15:35:08.935Z] 404 NOT FOUND - IP: ::1, Method: GET, URL: /admin
[2025-11-22T15:36:30.195Z] ERROR - IP: ::1, Method: POST, URL: /create-account, Error: logValidationFailure is not a function
Stack: TypeError: logValidationFailure is not a function
    at C:\Users\user\repos\secdv-mp\middleware\validation.js:23:13
    at Layer.handle [as handle_request] (C:\Users\user\repos\secdv-mp\node_modules\express\lib\router\layer.js:95:5)
    at next (C:\Users\user\repos\secdv-mp\node_modules\express\lib\router\route.js:149:13)
    at C:\Users\user\repos\secdv-mp\middleware\validation.js:92:9
    at Layer.handle [as handle_request] (C:\Users\user\repos\secdv-mp\node_modules\express\lib\router\layer.js:95:5)
    at next (C:\Users\user\repos\secdv-mp\node_modules\express\lib\router\route.js:149:13)
    at Route.dispatch (C:\Users\user\repos\secdv-mp\node_modules\express\lib\router\route.js:119:3)
    at Layer.handle [as handle_request] (C:\Users\user\repos\secdv-mp\node_modules\express\lib\router\layer.js:95:5)
    at C:\Users\user\repos\secdv-mp\node_modules\express\lib\router\index.js:284:15
    at Function.process_params (C:\Users\user\repos\secdv-mp\node_modules\express\lib\router\index.js:346:12)
[2025-11-22T15:41:50.010Z] VALIDATION FAILURE - Field: password, Value: user, Reason: Length must be between 8 and 128
[2025-11-22T15:42:06.028Z] AUTH SUCCESS - Username: user, IP: ::1, Reason: Account created
[2025-11-22T15:42:34.052Z] AUTH SUCCESS - Username: user, IP: ::1, Reason: Login successful
[2025-11-22T15:43:23.371Z] AUTH SUCCESS - Username: user, IP: ::1, Reason: User logged out
[2025-11-22T15:43:46.516Z] AUTH SUCCESS - Username: admin, IP: ::1, Reason: Account created
[2025-11-22T15:44:51.318Z] AUTH SUCCESS - Username: admin, IP: ::1, Reason: Login successful
[2025-11-22T15:45:43.434Z] 404 NOT FOUND - IP: ::1, Method: GET, URL: /admin/
[2025-11-22T15:48:14.843Z] AUTH SUCCESS - Username: admin, IP: ::1, Reason: User logged out
[2025-11-22T15:48:20.773Z] AUTH SUCCESS - Username: admin, IP: ::1, Reason: Login successful
[2025-11-22T15:51:01.374Z] AUTH SUCCESS - Username: admin, IP: ::1, Reason: User logged out
[2025-11-22T15:51:33.075Z] AUTH FAILURE - Username: admin, IP: ::1, Reason: Invalid password
[2025-11-22T15:51:38.215Z] AUTH SUCCESS - Username: admin, IP: ::1, Reason: Login successful
[2025-11-22T15:52:24.192Z] 404 NOT FOUND - IP: ::1, Method: GET, URL: /admin/logs/dashboard
[2025-11-22T15:52:29.666Z] ERROR - IP: ::1, Method: GET, URL: /admin/dashboard, Error: Failed to lookup view "admin-dashboard" in views directory "C:\Users\user\repos\secdv-mp\views"
Stack: Error: Failed to lookup view "admin-dashboard" in views directory "C:\Users\user\repos\secdv-mp\views"
    at Function.render (C:\Users\user\repos\secdv-mp\node_modules\express\lib\application.js:597:17)
    at ServerResponse.render (C:\Users\user\repos\secdv-mp\node_modules\express\lib\response.js:1049:7)
    at C:\Users\user\repos\secdv-mp\controllers\routeAdmin:37:13
    at Layer.handle [as handle_request] (C:\Users\user\repos\secdv-mp\node_modules\express\lib\router\layer.js:95:5)
    at next (C:\Users\user\repos\secdv-mp\node_modules\express\lib\router\route.js:149:13)
    at C:\Users\user\repos\secdv-mp\middleware\auth.js:75:9
    at Layer.handle [as handle_request] (C:\Users\user\repos\secdv-mp\node_modules\express\lib\router\layer.js:95:5)
    at next (C:\Users\user\repos\secdv-mp\node_modules\express\lib\router\route.js:149:13)
    at requireAuth (C:\Users\user\repos\secdv-mp\middleware\auth.js:45:9)
    at Layer.handle [as handle_request] (C:\Users\user\repos\secdv-mp\node_modules\express\lib\router\layer.js:95:5)
[2025-11-22T15:53:18.628Z] ERROR - IP: ::1, Method: GET, URL: /admin/view-logs, Error: Failed to lookup view "admin-logs" in views directory "C:\Users\user\repos\secdv-mp\views"
Stack: Error: Failed to lookup view "admin-logs" in views directory "C:\Users\user\repos\secdv-mp\views"
    at Function.render (C:\Users\user\repos\secdv-mp\node_modules\express\lib\application.js:597:17)
    at ServerResponse.render (C:\Users\user\repos\secdv-mp\node_modules\express\lib\response.js:1049:7)
    at C:\Users\user\repos\secdv-mp\controllers\routeAdmin:50:13
    at Layer.handle [as handle_request] (C:\Users\user\repos\secdv-mp\node_modules\express\lib\router\layer.js:95:5)
    at next (C:\Users\user\repos\secdv-mp\node_modules\express\lib\router\route.js:149:13)
    at C:\Users\user\repos\secdv-mp\middleware\auth.js:75:9
    at Layer.handle [as handle_request] (C:\Users\user\repos\secdv-mp\node_modules\express\lib\router\layer.js:95:5)
    at next (C:\Users\user\repos\secdv-mp\node_modules\express\lib\router\route.js:149:13)
    at requireAuth (C:\Users\user\repos\secdv-mp\middleware\auth.js:45:9)
    at Layer.handle [as handle_request] (C:\Users\user\repos\secdv-mp\node_modules\express\lib\router\layer.js:95:5)
[2025-11-22T15:57:34.720Z] AUTH SUCCESS - Username: admin, IP: ::1, Reason: User logged out
[2025-11-22T15:57:41.584Z] AUTH SUCCESS - Username: user, IP: ::1, Reason: Login successful
[2025-11-22T16:01:45.158Z] AUTH SUCCESS - Username: user, IP: ::1, Reason: User logged out
[2025-11-22T16:01:50.638Z] AUTH SUCCESS - Username: admin, IP: ::1, Reason: Login successful
[2025-11-22T16:07:59.449Z] ERROR - IP: ::1, Method: GET, URL: /profile/user, Error: Missing helper: "eq"
Stack: Error: Missing helper: "eq"
    at Object.<anonymous> (C:\Users\user\repos\secdv-mp\node_modules\handlebars\dist\cjs\handlebars\helpers\helper-missing.js:19:13)
    at Object.wrapper (C:\Users\user\repos\secdv-mp\node_modules\handlebars\dist\cjs\handlebars\internal\wrapHelper.js:15:19)
    at eval (eval at createFunctionContext (C:\Users\user\repos\secdv-mp\node_modules\handlebars\dist\cjs\handlebars\compiler\javascript-compiler.js:262:23), <anonymous>:23:231)
    at prog (C:\Users\user\repos\secdv-mp\node_modules\handlebars\dist\cjs\handlebars\runtime.js:268:12)
    at execIteration (C:\Users\user\repos\secdv-mp\node_modules\handlebars\dist\cjs\handlebars\helpers\each.js:51:19)
    at Object.<anonymous> (C:\Users\user\repos\secdv-mp\node_modules\handlebars\dist\cjs\handlebars\helpers\each.js:61:13)
    at Object.wrapper (C:\Users\user\repos\secdv-mp\node_modules\handlebars\dist\cjs\handlebars\internal\wrapHelper.js:15:19)
    at Object.eval [as main] (eval at createFunctionContext (C:\Users\user\repos\secdv-mp\node_modules\handlebars\dist\cjs\handlebars\compiler\javascript-compiler.js:262:23), <anonymous>:31:49)
    at main (C:\Users\user\repos\secdv-mp\node_modules\handlebars\dist\cjs\handlebars\runtime.js:208:32)
    at ret (C:\Users\user\repos\secdv-mp\node_modules\handlebars\dist\cjs\handlebars\runtime.js:212:12)
[2025-11-22T16:14:53.929Z] ERROR - IP: ::1, Method: GET, URL: /profile/user, Error: opts.inverse is not a function
Stack: TypeError: opts.inverse is not a function
    at Object.if_eq (C:\Users\user\repos\secdv-mp\app.js:42:29)
    at Object.wrapper (C:\Users\user\repos\secdv-mp\node_modules\handlebars\dist\cjs\handlebars\internal\wrapHelper.js:15:19)
    at eval (eval at createFunctionContext (C:\Users\user\repos\secdv-mp\node_modules\handlebars\dist\cjs\handlebars\compiler\javascript-compiler.js:262:23), <anonymous>:23:237)
    at prog (C:\Users\user\repos\secdv-mp\node_modules\handlebars\dist\cjs\handlebars\runtime.js:268:12)
    at execIteration (C:\Users\user\repos\secdv-mp\node_modules\handlebars\dist\cjs\handlebars\helpers\each.js:51:19)
    at Object.<anonymous> (C:\Users\user\repos\secdv-mp\node_modules\handlebars\dist\cjs\handlebars\helpers\each.js:61:13)
    at Object.wrapper (C:\Users\user\repos\secdv-mp\node_modules\handlebars\dist\cjs\handlebars\internal\wrapHelper.js:15:19)
    at Object.eval [as main] (eval at createFunctionContext (C:\Users\user\repos\secdv-mp\node_modules\handlebars\dist\cjs\handlebars\compiler\javascript-compiler.js:262:23), <anonymous>:31:49)
    at main (C:\Users\user\repos\secdv-mp\node_modules\handlebars\dist\cjs\handlebars\runtime.js:208:32)
    at ret (C:\Users\user\repos\secdv-mp\node_modules\handlebars\dist\cjs\handlebars\runtime.js:212:12)
[2025-11-22T16:15:27.648Z] ERROR - IP: ::1, Method: GET, URL: /profile/user, Error: Parse error on line 100:
...         {{#if (or (#if_eq ../data.role 
-----------------------^
Expecting 'ID', 'STRING', 'NUMBER', 'BOOLEAN', 'UNDEFINED', 'NULL', 'DATA', got 'INVALID'
Stack: Error: Parse error on line 100:
...         {{#if (or (#if_eq ../data.role 
-----------------------^
Expecting 'ID', 'STRING', 'NUMBER', 'BOOLEAN', 'UNDEFINED', 'NULL', 'DATA', got 'INVALID'
    at Parser.parseError (C:\Users\user\repos\secdv-mp\node_modules\handlebars\dist\cjs\handlebars\compiler\parser.js:267:19)
    at Parser.parse (C:\Users\user\repos\secdv-mp\node_modules\handlebars\dist\cjs\handlebars\compiler\parser.js:336:30)
    at parseWithoutProcessing (C:\Users\user\repos\secdv-mp\node_modules\handlebars\dist\cjs\handlebars\compiler\base.js:46:33)
    at HandlebarsEnvironment.parse (C:\Users\user\repos\secdv-mp\node_modules\handlebars\dist\cjs\handlebars\compiler\base.js:52:13)
    at compileInput (C:\Users\user\repos\secdv-mp\node_modules\handlebars\dist\cjs\handlebars\compiler\compiler.js:508:19)
    at ret (C:\Users\user\repos\secdv-mp\node_modules\handlebars\dist\cjs\handlebars\compiler\compiler.js:517:18)
    at ExpressHandlebars._renderTemplate (C:\Users\user\repos\secdv-mp\node_modules\express-handlebars\dist\express-handlebars.js:244:16)
    at ExpressHandlebars.<anonymous> (C:\Users\user\repos\secdv-mp\node_modules\express-handlebars\dist\express-handlebars.js:156:31)
    at Generator.next (<anonymous>)
    at fulfilled (C:\Users\user\repos\secdv-mp\node_modules\express-handlebars\dist\express-handlebars.js:10:58)
[2025-11-22T16:21:59.065Z] AUTH SUCCESS - Username: user, IP: ::1, Reason: Login successful
[2025-11-22T16:36:25.625Z] AUTH SUCCESS - Username: admin, IP: ::1, Reason: User logged out
[2025-11-22T16:36:39.924Z] AUTH SUCCESS - Username: user2, IP: ::1, Reason: Account created
[2025-11-22T16:36:48.480Z] AUTH SUCCESS - Username: user2, IP: ::1, Reason: Login successful
[2025-11-22T16:45:02.171Z] AUTH SUCCESS - Username: user2, IP: ::1, Reason: User logged out
[2025-11-22T16:45:28.571Z] AUTH SUCCESS - Username: whtaft_owner, IP: ::1, Reason: Account created
[2025-11-22T16:45:46.607Z] AUTH SUCCESS - Username: torre_owner, IP: ::1, Reason: Account created
[2025-11-22T16:46:05.221Z] AUTH SUCCESS - Username: burg_owner, IP: ::1, Reason: Account created
[2025-11-22T16:46:18.411Z] AUTH SUCCESS - Username: green_owner, IP: ::1, Reason: Account created
[2025-11-22T16:58:00.633Z] AUTH SUCCESS - Username: burg_owner, IP: ::1, Reason: Login successful
[2025-11-22T17:00:35.531Z] 404 NOT FOUND - IP: ::1, Method: GET, URL: /.well-known/appspecific/com.chrome.devtools.json
[2025-11-22T17:04:33.975Z] 404 NOT FOUND - IP: ::1, Method: GET, URL: /.well-known/appspecific/com.chrome.devtools.json
[2025-11-22T17:11:25.550Z] 404 NOT FOUND - IP: ::1, Method: GET, URL: /.well-known/appspecific/com.chrome.devtools.json
[2025-11-22T17:14:40.736Z] 404 NOT FOUND - IP: ::1, Method: GET, URL: /.well-known/appspecific/com.chrome.devtools.json
[2025-11-22T17:15:32.463Z] 404 NOT FOUND - IP: ::1, Method: GET, URL: /.well-known/appspecific/com.chrome.devtools.json
[2025-11-22T17:17:09.133Z] 404 NOT FOUND - IP: ::1, Method: GET, URL: /.well-known/appspecific/com.chrome.devtools.json
[2025-11-22T17:17:30.058Z] 404 NOT FOUND - IP: ::1, Method: GET, URL: /.well-known/appspecific/com.chrome.devtools.json
[2025-11-22T17:20:58.175Z] ERROR - IP: ::1, Method: POST, URL: /delete-review, Error: ENOENT: no such file or directory, open 'C:\Users\user\repos\secdv-mp\controllers\logs\app.log'
Stack: Error: ENOENT: no such file or directory, open 'C:\Users\user\repos\secdv-mp\controllers\logs\app.log'
    at Object.writeFileSync (node:fs:2426:20)
    at Object.appendFileSync (node:fs:2508:6)
    at C:\Users\user\repos\secdv-mp\controllers\routeReview.js:68:20
    at process.processTicksAndRejections (node:internal/process/task_queues:105:5)
[2025-11-22T17:21:55.237Z] 404 NOT FOUND - IP: ::1, Method: GET, URL: /.well-known/appspecific/com.chrome.devtools.json
[2025-11-22T17:23:29.684Z] 404 NOT FOUND - IP: ::1, Method: GET, URL: /.well-known/appspecific/com.chrome.devtools.json
[2025-11-22T17:24:22.973Z] 404 NOT FOUND - IP: ::1, Method: GET, URL: /.well-known/appspecific/com.chrome.devtools.json
[2025-11-22T17:26:45.805Z] 404 NOT FOUND - IP: ::1, Method: GET, URL: /.well-known/appspecific/com.chrome.devtools.json
[2025-11-22T17:26:57.570Z] REVIEW DELETED - ReviewID: 6921f1b9e2e830e6a5e946d7, CondoID: burgundy, DeletedBy: burg_owner (UserID: 6921e8cda3d47677d0fdc4e9)
[2025-11-22T17:29:42.841Z] 404 NOT FOUND - IP: ::1, Method: GET, URL: /.well-known/appspecific/com.chrome.devtools.json
[2025-11-22T17:44:38.755Z] 404 NOT FOUND - IP: ::1, Method: GET, URL: /.well-known/appspecific/com.chrome.devtools.json
[2025-11-22T17:44:42.030Z] 404 NOT FOUND - IP: ::1, Method: GET, URL: /.well-known/appspecific/com.chrome.devtools.json
[2025-11-22T17:44:43.676Z] 404 NOT FOUND - IP: ::1, Method: GET, URL: /.well-known/appspecific/com.chrome.devtools.json
[2025-11-22T17:44:46.566Z] 404 NOT FOUND - IP: ::1, Method: GET, URL: /.well-known/appspecific/com.chrome.devtools.json
[2025-11-22T17:44:50.186Z] 404 NOT FOUND - IP: ::1, Method: GET, URL: /.well-known/appspecific/com.chrome.devtools.json
[2025-11-22T17:46:08.493Z] 404 NOT FOUND - IP: ::1, Method: GET, URL: /.well-known/appspecific/com.chrome.devtools.json
[2025-11-22T17:46:14.175Z] 404 NOT FOUND - IP: ::1, Method: GET, URL: /.well-known/appspecific/com.chrome.devtools.json
[2025-11-22T17:46:17.522Z] 404 NOT FOUND - IP: ::1, Method: GET, URL: /.well-known/appspecific/com.chrome.devtools.json
[2025-11-22T17:46:56.062Z] 404 NOT FOUND - IP: ::1, Method: GET, URL: /.well-known/appspecific/com.chrome.devtools.json
[2025-11-22T17:47:05.683Z] 404 NOT FOUND - IP: ::1, Method: GET, URL: /.well-known/appspecific/com.chrome.devtools.json
[2025-11-22T17:47:07.181Z] 404 NOT FOUND - IP: ::1, Method: GET, URL: /.well-known/appspecific/com.chrome.devtools.json
[2025-11-22T17:47:09.248Z] 404 NOT FOUND - IP: ::1, Method: GET, URL: /.well-known/appspecific/com.chrome.devtools.json
[2025-11-22T17:47:15.186Z] 404 NOT FOUND - IP: ::1, Method: GET, URL: /.well-known/appspecific/com.chrome.devtools.json
[2025-11-22T17:47:17.180Z] 404 NOT FOUND - IP: ::1, Method: GET, URL: /.well-known/appspecific/com.chrome.devtools.json
[2025-11-22T17:48:06.030Z] 404 NOT FOUND - IP: ::1, Method: GET, URL: /.well-known/appspecific/com.chrome.devtools.json
[2025-11-22T17:48:31.246Z] 404 NOT FOUND - IP: ::1, Method: GET, URL: /.well-known/appspecific/com.chrome.devtools.json
[2025-11-22T17:48:52.240Z] 404 NOT FOUND - IP: ::1, Method: GET, URL: /.well-known/appspecific/com.chrome.devtools.json
[2025-11-22T17:48:55.531Z] 404 NOT FOUND - IP: ::1, Method: GET, URL: /.well-known/appspecific/com.chrome.devtools.json
[2025-11-22T17:49:50.976Z] ERROR - IP: ::1, Method: GET, URL: /condo/burgundy, Error: Parse error on line 16:
...{{#if_eq data.owner.toString() ../sessio
-----------------------^
Expecting 'ID', got 'INVALID'
Stack: Error: Parse error on line 16:
...{{#if_eq data.owner.toString() ../sessio
-----------------------^
Expecting 'ID', got 'INVALID'
    at Parser.parseError (C:\Users\user\repos\secdv-mp\node_modules\handlebars\dist\cjs\handlebars\compiler\parser.js:267:19)
    at Parser.parse (C:\Users\user\repos\secdv-mp\node_modules\handlebars\dist\cjs\handlebars\compiler\parser.js:336:30)
    at parseWithoutProcessing (C:\Users\user\repos\secdv-mp\node_modules\handlebars\dist\cjs\handlebars\compiler\base.js:46:33)
    at HandlebarsEnvironment.parse (C:\Users\user\repos\secdv-mp\node_modules\handlebars\dist\cjs\handlebars\compiler\base.js:52:13)
    at compileInput (C:\Users\user\repos\secdv-mp\node_modules\handlebars\dist\cjs\handlebars\compiler\compiler.js:508:19)
    at ret (C:\Users\user\repos\secdv-mp\node_modules\handlebars\dist\cjs\handlebars\compiler\compiler.js:517:18)
    at ExpressHandlebars._renderTemplate (C:\Users\user\repos\secdv-mp\node_modules\express-handlebars\dist\express-handlebars.js:244:16)
    at ExpressHandlebars.<anonymous> (C:\Users\user\repos\secdv-mp\node_modules\express-handlebars\dist\express-handlebars.js:156:31)
    at Generator.next (<anonymous>)
    at fulfilled (C:\Users\user\repos\secdv-mp\node_modules\express-handlebars\dist\express-handlebars.js:10:58)
[2025-11-22T17:49:51.032Z] 404 NOT FOUND - IP: ::1, Method: GET, URL: /.well-known/appspecific/com.chrome.devtools.json
[2025-11-22T17:50:11.879Z] ERROR - IP: ::1, Method: GET, URL: /condo/burgundy, Error: Parse error on line 16:
...{{#if_eq data.owner.toString() ../sessio
-----------------------^
Expecting 'ID', got 'INVALID'
Stack: Error: Parse error on line 16:
...{{#if_eq data.owner.toString() ../sessio
-----------------------^
Expecting 'ID', got 'INVALID'
    at Parser.parseError (C:\Users\user\repos\secdv-mp\node_modules\handlebars\dist\cjs\handlebars\compiler\parser.js:267:19)
    at Parser.parse (C:\Users\user\repos\secdv-mp\node_modules\handlebars\dist\cjs\handlebars\compiler\parser.js:336:30)
    at parseWithoutProcessing (C:\Users\user\repos\secdv-mp\node_modules\handlebars\dist\cjs\handlebars\compiler\base.js:46:33)
    at HandlebarsEnvironment.parse (C:\Users\user\repos\secdv-mp\node_modules\handlebars\dist\cjs\handlebars\compiler\base.js:52:13)
    at compileInput (C:\Users\user\repos\secdv-mp\node_modules\handlebars\dist\cjs\handlebars\compiler\compiler.js:508:19)
    at ret (C:\Users\user\repos\secdv-mp\node_modules\handlebars\dist\cjs\handlebars\compiler\compiler.js:517:18)
    at ExpressHandlebars._renderTemplate (C:\Users\user\repos\secdv-mp\node_modules\express-handlebars\dist\express-handlebars.js:244:16)
    at ExpressHandlebars.<anonymous> (C:\Users\user\repos\secdv-mp\node_modules\express-handlebars\dist\express-handlebars.js:156:31)
    at Generator.next (<anonymous>)
    at fulfilled (C:\Users\user\repos\secdv-mp\node_modules\express-handlebars\dist\express-handlebars.js:10:58)
[2025-11-22T17:50:11.972Z] 404 NOT FOUND - IP: ::1, Method: GET, URL: /.well-known/appspecific/com.chrome.devtools.json
[2025-11-22T17:50:18.399Z] 404 NOT FOUND - IP: ::1, Method: GET, URL: /.well-known/appspecific/com.chrome.devtools.json
[2025-11-22T17:50:37.309Z] 404 NOT FOUND - IP: ::1, Method: GET, URL: /.well-known/appspecific/com.chrome.devtools.json
[2025-11-22T17:51:04.212Z] 404 NOT FOUND - IP: ::1, Method: GET, URL: /.well-known/appspecific/com.chrome.devtools.json
[2025-11-22T17:52:13.464Z] 404 NOT FOUND - IP: ::1, Method: GET, URL: /.well-known/appspecific/com.chrome.devtools.json
[2025-11-22T17:53:59.027Z] ERROR - IP: ::1, Method: GET, URL: /condo/burgundy, Error: Cannot read properties of undefined (reading 'toString')
Stack: TypeError: Cannot read properties of undefined (reading 'toString')
    at Object.if_eq (C:\Users\user\repos\secdv-mp\app.js:39:36)
    at Object.wrapper (C:\Users\user\repos\secdv-mp\node_modules\handlebars\dist\cjs\handlebars\internal\wrapHelper.js:15:19)
    at Object.eval [as main] (eval at createFunctionContext (C:\Users\user\repos\secdv-mp\node_modules\handlebars\dist\cjs\handlebars\compiler\javascript-compiler.js:262:23), <anonymous>:11:104)
    at main (C:\Users\user\repos\secdv-mp\node_modules\handlebars\dist\cjs\handlebars\runtime.js:208:32)
    at ret (C:\Users\user\repos\secdv-mp\node_modules\handlebars\dist\cjs\handlebars\runtime.js:212:12)
    at ret (C:\Users\user\repos\secdv-mp\node_modules\handlebars\dist\cjs\handlebars\compiler\compiler.js:519:21)
    at ExpressHandlebars._renderTemplate (C:\Users\user\repos\secdv-mp\node_modules\express-handlebars\dist\express-handlebars.js:244:16)
    at ExpressHandlebars.<anonymous> (C:\Users\user\repos\secdv-mp\node_modules\express-handlebars\dist\express-handlebars.js:156:31)
    at Generator.next (<anonymous>)
    at fulfilled (C:\Users\user\repos\secdv-mp\node_modules\express-handlebars\dist\express-handlebars.js:10:58)
[2025-11-22T17:53:59.124Z] 404 NOT FOUND - IP: ::1, Method: GET, URL: /.well-known/appspecific/com.chrome.devtools.json
[2025-11-22T17:54:13.596Z] ERROR - IP: ::1, Method: GET, URL: /condo/burgundy, Error: Cannot read properties of undefined (reading 'toString')
Stack: TypeError: Cannot read properties of undefined (reading 'toString')
    at Object.if_eq (C:\Users\user\repos\secdv-mp\app.js:39:36)
    at Object.wrapper (C:\Users\user\repos\secdv-mp\node_modules\handlebars\dist\cjs\handlebars\internal\wrapHelper.js:15:19)
    at Object.eval [as main] (eval at createFunctionContext (C:\Users\user\repos\secdv-mp\node_modules\handlebars\dist\cjs\handlebars\compiler\javascript-compiler.js:262:23), <anonymous>:11:104)
    at main (C:\Users\user\repos\secdv-mp\node_modules\handlebars\dist\cjs\handlebars\runtime.js:208:32)
    at ret (C:\Users\user\repos\secdv-mp\node_modules\handlebars\dist\cjs\handlebars\runtime.js:212:12)
    at ret (C:\Users\user\repos\secdv-mp\node_modules\handlebars\dist\cjs\handlebars\compiler\compiler.js:519:21)
    at ExpressHandlebars._renderTemplate (C:\Users\user\repos\secdv-mp\node_modules\express-handlebars\dist\express-handlebars.js:244:16)
    at ExpressHandlebars.<anonymous> (C:\Users\user\repos\secdv-mp\node_modules\express-handlebars\dist\express-handlebars.js:156:31)
    at Generator.next (<anonymous>)
    at fulfilled (C:\Users\user\repos\secdv-mp\node_modules\express-handlebars\dist\express-handlebars.js:10:58)
[2025-11-22T17:54:13.698Z] 404 NOT FOUND - IP: ::1, Method: GET, URL: /.well-known/appspecific/com.chrome.devtools.json
[2025-11-22T17:54:44.746Z] ERROR - IP: ::1, Method: GET, URL: /condo/burgundy, Error: Cannot read properties of undefined (reading 'toString')
Stack: TypeError: Cannot read properties of undefined (reading 'toString')
    at Object.if_eq (C:\Users\user\repos\secdv-mp\app.js:39:36)
    at Object.wrapper (C:\Users\user\repos\secdv-mp\node_modules\handlebars\dist\cjs\handlebars\internal\wrapHelper.js:15:19)
    at Object.eval [as main] (eval at createFunctionContext (C:\Users\user\repos\secdv-mp\node_modules\handlebars\dist\cjs\handlebars\compiler\javascript-compiler.js:262:23), <anonymous>:11:104)
    at main (C:\Users\user\repos\secdv-mp\node_modules\handlebars\dist\cjs\handlebars\runtime.js:208:32)
    at ret (C:\Users\user\repos\secdv-mp\node_modules\handlebars\dist\cjs\handlebars\runtime.js:212:12)
    at ret (C:\Users\user\repos\secdv-mp\node_modules\handlebars\dist\cjs\handlebars\compiler\compiler.js:519:21)
    at ExpressHandlebars._renderTemplate (C:\Users\user\repos\secdv-mp\node_modules\express-handlebars\dist\express-handlebars.js:244:16)
    at ExpressHandlebars.<anonymous> (C:\Users\user\repos\secdv-mp\node_modules\express-handlebars\dist\express-handlebars.js:156:31)
    at Generator.next (<anonymous>)
    at fulfilled (C:\Users\user\repos\secdv-mp\node_modules\express-handlebars\dist\express-handlebars.js:10:58)
[2025-11-22T17:54:44.853Z] 404 NOT FOUND - IP: ::1, Method: GET, URL: /.well-known/appspecific/com.chrome.devtools.json
[2025-11-22T17:54:46.236Z] ERROR - IP: ::1, Method: GET, URL: /condo/burgundy, Error: Cannot read properties of undefined (reading 'toString')
Stack: TypeError: Cannot read properties of undefined (reading 'toString')
    at Object.if_eq (C:\Users\user\repos\secdv-mp\app.js:39:36)
    at Object.wrapper (C:\Users\user\repos\secdv-mp\node_modules\handlebars\dist\cjs\handlebars\internal\wrapHelper.js:15:19)
    at Object.eval [as main] (eval at createFunctionContext (C:\Users\user\repos\secdv-mp\node_modules\handlebars\dist\cjs\handlebars\compiler\javascript-compiler.js:262:23), <anonymous>:11:104)
    at main (C:\Users\user\repos\secdv-mp\node_modules\handlebars\dist\cjs\handlebars\runtime.js:208:32)
    at ret (C:\Users\user\repos\secdv-mp\node_modules\handlebars\dist\cjs\handlebars\runtime.js:212:12)
    at ret (C:\Users\user\repos\secdv-mp\node_modules\handlebars\dist\cjs\handlebars\compiler\compiler.js:519:21)
    at ExpressHandlebars._renderTemplate (C:\Users\user\repos\secdv-mp\node_modules\express-handlebars\dist\express-handlebars.js:244:16)
    at ExpressHandlebars.<anonymous> (C:\Users\user\repos\secdv-mp\node_modules\express-handlebars\dist\express-handlebars.js:156:31)
    at Generator.next (<anonymous>)
    at fulfilled (C:\Users\user\repos\secdv-mp\node_modules\express-handlebars\dist\express-handlebars.js:10:58)
[2025-11-22T17:54:46.322Z] 404 NOT FOUND - IP: ::1, Method: GET, URL: /.well-known/appspecific/com.chrome.devtools.json
[2025-11-22T17:55:02.615Z] ERROR - IP: ::1, Method: GET, URL: /condo/burgundy, Error: Cannot read properties of undefined (reading 'toString')
Stack: TypeError: Cannot read properties of undefined (reading 'toString')
    at Object.if_eq (C:\Users\user\repos\secdv-mp\app.js:39:55)
    at Object.wrapper (C:\Users\user\repos\secdv-mp\node_modules\handlebars\dist\cjs\handlebars\internal\wrapHelper.js:15:19)
    at Object.eval [as main] (eval at createFunctionContext (C:\Users\user\repos\secdv-mp\node_modules\handlebars\dist\cjs\handlebars\compiler\javascript-compiler.js:262:23), <anonymous>:11:104)
    at main (C:\Users\user\repos\secdv-mp\node_modules\handlebars\dist\cjs\handlebars\runtime.js:208:32)
    at ret (C:\Users\user\repos\secdv-mp\node_modules\handlebars\dist\cjs\handlebars\runtime.js:212:12)
    at ret (C:\Users\user\repos\secdv-mp\node_modules\handlebars\dist\cjs\handlebars\compiler\compiler.js:519:21)
    at ExpressHandlebars._renderTemplate (C:\Users\user\repos\secdv-mp\node_modules\express-handlebars\dist\express-handlebars.js:244:16)
    at ExpressHandlebars.<anonymous> (C:\Users\user\repos\secdv-mp\node_modules\express-handlebars\dist\express-handlebars.js:156:31)
    at Generator.next (<anonymous>)
    at fulfilled (C:\Users\user\repos\secdv-mp\node_modules\express-handlebars\dist\express-handlebars.js:10:58)
[2025-11-22T17:55:02.703Z] 404 NOT FOUND - IP: ::1, Method: GET, URL: /.well-known/appspecific/com.chrome.devtools.json
[2025-11-22T17:55:03.580Z] ERROR - IP: ::1, Method: GET, URL: /condo/burgundy, Error: Cannot read properties of undefined (reading 'toString')
Stack: TypeError: Cannot read properties of undefined (reading 'toString')
    at Object.if_eq (C:\Users\user\repos\secdv-mp\app.js:39:55)
    at Object.wrapper (C:\Users\user\repos\secdv-mp\node_modules\handlebars\dist\cjs\handlebars\internal\wrapHelper.js:15:19)
    at Object.eval [as main] (eval at createFunctionContext (C:\Users\user\repos\secdv-mp\node_modules\handlebars\dist\cjs\handlebars\compiler\javascript-compiler.js:262:23), <anonymous>:11:104)
    at main (C:\Users\user\repos\secdv-mp\node_modules\handlebars\dist\cjs\handlebars\runtime.js:208:32)
    at ret (C:\Users\user\repos\secdv-mp\node_modules\handlebars\dist\cjs\handlebars\runtime.js:212:12)
    at ret (C:\Users\user\repos\secdv-mp\node_modules\handlebars\dist\cjs\handlebars\compiler\compiler.js:519:21)
    at ExpressHandlebars._renderTemplate (C:\Users\user\repos\secdv-mp\node_modules\express-handlebars\dist\express-handlebars.js:244:16)
    at ExpressHandlebars.<anonymous> (C:\Users\user\repos\secdv-mp\node_modules\express-handlebars\dist\express-handlebars.js:156:31)
    at Generator.next (<anonymous>)
    at fulfilled (C:\Users\user\repos\secdv-mp\node_modules\express-handlebars\dist\express-handlebars.js:10:58)
[2025-11-22T17:55:03.660Z] 404 NOT FOUND - IP: ::1, Method: GET, URL: /.well-known/appspecific/com.chrome.devtools.json
[2025-11-22T17:55:04.560Z] ERROR - IP: ::1, Method: GET, URL: /condo/burgundy, Error: Cannot read properties of undefined (reading 'toString')
Stack: TypeError: Cannot read properties of undefined (reading 'toString')
    at Object.if_eq (C:\Users\user\repos\secdv-mp\app.js:39:55)
    at Object.wrapper (C:\Users\user\repos\secdv-mp\node_modules\handlebars\dist\cjs\handlebars\internal\wrapHelper.js:15:19)
    at Object.eval [as main] (eval at createFunctionContext (C:\Users\user\repos\secdv-mp\node_modules\handlebars\dist\cjs\handlebars\compiler\javascript-compiler.js:262:23), <anonymous>:11:104)
    at main (C:\Users\user\repos\secdv-mp\node_modules\handlebars\dist\cjs\handlebars\runtime.js:208:32)
    at ret (C:\Users\user\repos\secdv-mp\node_modules\handlebars\dist\cjs\handlebars\runtime.js:212:12)
    at ret (C:\Users\user\repos\secdv-mp\node_modules\handlebars\dist\cjs\handlebars\compiler\compiler.js:519:21)
    at ExpressHandlebars._renderTemplate (C:\Users\user\repos\secdv-mp\node_modules\express-handlebars\dist\express-handlebars.js:244:16)
    at ExpressHandlebars.<anonymous> (C:\Users\user\repos\secdv-mp\node_modules\express-handlebars\dist\express-handlebars.js:156:31)
    at Generator.next (<anonymous>)
    at fulfilled (C:\Users\user\repos\secdv-mp\node_modules\express-handlebars\dist\express-handlebars.js:10:58)
[2025-11-22T17:55:04.642Z] 404 NOT FOUND - IP: ::1, Method: GET, URL: /.well-known/appspecific/com.chrome.devtools.json
[2025-11-22T17:55:12.981Z] ERROR - IP: ::1, Method: GET, URL: /condo/burgundy, Error: Cannot read properties of undefined (reading 'toString')
Stack: TypeError: Cannot read properties of undefined (reading 'toString')
    at Object.if_eq (C:\Users\user\repos\secdv-mp\app.js:39:55)
    at Object.wrapper (C:\Users\user\repos\secdv-mp\node_modules\handlebars\dist\cjs\handlebars\internal\wrapHelper.js:15:19)
    at Object.eval [as main] (eval at createFunctionContext (C:\Users\user\repos\secdv-mp\node_modules\handlebars\dist\cjs\handlebars\compiler\javascript-compiler.js:262:23), <anonymous>:11:104)
    at main (C:\Users\user\repos\secdv-mp\node_modules\handlebars\dist\cjs\handlebars\runtime.js:208:32)
    at ret (C:\Users\user\repos\secdv-mp\node_modules\handlebars\dist\cjs\handlebars\runtime.js:212:12)
    at ret (C:\Users\user\repos\secdv-mp\node_modules\handlebars\dist\cjs\handlebars\compiler\compiler.js:519:21)
    at ExpressHandlebars._renderTemplate (C:\Users\user\repos\secdv-mp\node_modules\express-handlebars\dist\express-handlebars.js:244:16)
    at ExpressHandlebars.<anonymous> (C:\Users\user\repos\secdv-mp\node_modules\express-handlebars\dist\express-handlebars.js:156:31)
    at Generator.next (<anonymous>)
    at fulfilled (C:\Users\user\repos\secdv-mp\node_modules\express-handlebars\dist\express-handlebars.js:10:58)
[2025-11-22T17:55:13.084Z] 404 NOT FOUND - IP: ::1, Method: GET, URL: /.well-known/appspecific/com.chrome.devtools.json
[2025-11-22T17:55:30.478Z] ERROR - IP: ::1, Method: GET, URL: /condo/burgundy, Error: Cannot read properties of undefined (reading 'toString')
Stack: TypeError: Cannot read properties of undefined (reading 'toString')
    at Object.if_eq (C:\Users\user\repos\secdv-mp\app.js:40:36)
    at Object.wrapper (C:\Users\user\repos\secdv-mp\node_modules\handlebars\dist\cjs\handlebars\internal\wrapHelper.js:15:19)
    at Object.eval [as main] (eval at createFunctionContext (C:\Users\user\repos\secdv-mp\node_modules\handlebars\dist\cjs\handlebars\compiler\javascript-compiler.js:262:23), <anonymous>:11:104)
    at main (C:\Users\user\repos\secdv-mp\node_modules\handlebars\dist\cjs\handlebars\runtime.js:208:32)
    at ret (C:\Users\user\repos\secdv-mp\node_modules\handlebars\dist\cjs\handlebars\runtime.js:212:12)
    at ret (C:\Users\user\repos\secdv-mp\node_modules\handlebars\dist\cjs\handlebars\compiler\compiler.js:519:21)
    at ExpressHandlebars._renderTemplate (C:\Users\user\repos\secdv-mp\node_modules\express-handlebars\dist\express-handlebars.js:244:16)
    at ExpressHandlebars.<anonymous> (C:\Users\user\repos\secdv-mp\node_modules\express-handlebars\dist\express-handlebars.js:156:31)
    at Generator.next (<anonymous>)
    at fulfilled (C:\Users\user\repos\secdv-mp\node_modules\express-handlebars\dist\express-handlebars.js:10:58)
[2025-11-22T17:55:30.575Z] 404 NOT FOUND - IP: ::1, Method: GET, URL: /.well-known/appspecific/com.chrome.devtools.json
[2025-11-22T17:56:48.406Z] 404 NOT FOUND - IP: ::1, Method: GET, URL: /.well-known/appspecific/com.chrome.devtools.json
[2025-11-22T17:57:16.962Z] 404 NOT FOUND - IP: ::1, Method: GET, URL: /.well-known/appspecific/com.chrome.devtools.json
[2025-11-22T17:57:27.054Z] 404 NOT FOUND - IP: ::1, Method: GET, URL: /.well-known/appspecific/com.chrome.devtools.json
[2025-11-22T17:57:51.874Z] 404 NOT FOUND - IP: ::1, Method: GET, URL: /.well-known/appspecific/com.chrome.devtools.json
[2025-11-22T17:57:56.580Z] 404 NOT FOUND - IP: ::1, Method: GET, URL: /.well-known/appspecific/com.chrome.devtools.json
[2025-11-22T17:58:12.784Z] 404 NOT FOUND - IP: ::1, Method: GET, URL: /.well-known/appspecific/com.chrome.devtools.json
[2025-11-22T17:58:23.095Z] 404 NOT FOUND - IP: ::1, Method: GET, URL: /.well-known/appspecific/com.chrome.devtools.json
[2025-11-22T17:59:01.248Z] 404 NOT FOUND - IP: ::1, Method: GET, URL: /.well-known/appspecific/com.chrome.devtools.json
[2025-11-22T17:59:03.244Z] 404 NOT FOUND - IP: ::1, Method: GET, URL: /.well-known/appspecific/com.chrome.devtools.json
[2025-11-22T17:59:04.480Z] 404 NOT FOUND - IP: ::1, Method: GET, URL: /.well-known/appspecific/com.chrome.devtools.json
[2025-11-22T17:59:04.539Z] 404 NOT FOUND - IP: ::1, Method: GET, URL: /.well-known/appspecific/com.chrome.devtools.json
[2025-11-22T17:59:10.616Z] 404 NOT FOUND - IP: ::1, Method: GET, URL: /.well-known/appspecific/com.chrome.devtools.json
[2025-11-22T17:59:11.708Z] 404 NOT FOUND - IP: ::1, Method: GET, URL: /.well-known/appspecific/com.chrome.devtools.json
[2025-11-22T17:59:11.770Z] 404 NOT FOUND - IP: ::1, Method: GET, URL: /.well-known/appspecific/com.chrome.devtools.json
[2025-11-22T17:59:13.156Z] 404 NOT FOUND - IP: ::1, Method: GET, URL: /.well-known/appspecific/com.chrome.devtools.json
[2025-11-22T17:59:34.285Z] 404 NOT FOUND - IP: ::1, Method: GET, URL: /.well-known/appspecific/com.chrome.devtools.json
[2025-11-22T17:59:43.926Z] 404 NOT FOUND - IP: ::1, Method: GET, URL: /.well-known/appspecific/com.chrome.devtools.json
[2025-11-22T17:59:43.992Z] 404 NOT FOUND - IP: ::1, Method: GET, URL: /.well-known/appspecific/com.chrome.devtools.json
[2025-11-22T17:59:46.433Z] 404 NOT FOUND - IP: ::1, Method: GET, URL: /.well-known/appspecific/com.chrome.devtools.json
[2025-11-22T17:59:48.516Z] ERROR - IP: ::1, Method: GET, URL: /condo/2-torre, Error: Cannot read properties of undefined (reading 'toString')
Stack: TypeError: Cannot read properties of undefined (reading 'toString')
    at Object.if_eq (C:\Users\user\repos\secdv-mp\app.js:39:19)
    at Object.wrapper (C:\Users\user\repos\secdv-mp\node_modules\handlebars\dist\cjs\handlebars\internal\wrapHelper.js:15:19)
    at eval (eval at createFunctionContext (C:\Users\user\repos\secdv-mp\node_modules\handlebars\dist\cjs\handlebars\compiler\javascript-compiler.js:262:23), <anonymous>:39:104)
    at prog (C:\Users\user\repos\secdv-mp\node_modules\handlebars\dist\cjs\handlebars\runtime.js:268:12)
    at execIteration (C:\Users\user\repos\secdv-mp\node_modules\handlebars\dist\cjs\handlebars\helpers\each.js:51:19)
    at Object.<anonymous> (C:\Users\user\repos\secdv-mp\node_modules\handlebars\dist\cjs\handlebars\helpers\each.js:61:13)
    at Object.wrapper (C:\Users\user\repos\secdv-mp\node_modules\handlebars\dist\cjs\handlebars\internal\wrapHelper.js:15:19)
    at Object.eval [as main] (eval at createFunctionContext (C:\Users\user\repos\secdv-mp\node_modules\handlebars\dist\cjs\handlebars\compiler\javascript-compiler.js:262:23), <anonymous>:30:49)
    at main (C:\Users\user\repos\secdv-mp\node_modules\handlebars\dist\cjs\handlebars\runtime.js:208:32)
    at ret (C:\Users\user\repos\secdv-mp\node_modules\handlebars\dist\cjs\handlebars\runtime.js:212:12)
[2025-11-22T17:59:48.573Z] 404 NOT FOUND - IP: ::1, Method: GET, URL: /.well-known/appspecific/com.chrome.devtools.json
[2025-11-22T17:59:51.706Z] ERROR - IP: ::1, Method: GET, URL: /condo/2-torre, Error: Cannot read properties of undefined (reading 'toString')
Stack: TypeError: Cannot read properties of undefined (reading 'toString')
    at Object.if_eq (C:\Users\user\repos\secdv-mp\app.js:39:19)
    at Object.wrapper (C:\Users\user\repos\secdv-mp\node_modules\handlebars\dist\cjs\handlebars\internal\wrapHelper.js:15:19)
    at eval (eval at createFunctionContext (C:\Users\user\repos\secdv-mp\node_modules\handlebars\dist\cjs\handlebars\compiler\javascript-compiler.js:262:23), <anonymous>:39:104)
    at prog (C:\Users\user\repos\secdv-mp\node_modules\handlebars\dist\cjs\handlebars\runtime.js:268:12)
    at execIteration (C:\Users\user\repos\secdv-mp\node_modules\handlebars\dist\cjs\handlebars\helpers\each.js:51:19)
    at Object.<anonymous> (C:\Users\user\repos\secdv-mp\node_modules\handlebars\dist\cjs\handlebars\helpers\each.js:61:13)
    at Object.wrapper (C:\Users\user\repos\secdv-mp\node_modules\handlebars\dist\cjs\handlebars\internal\wrapHelper.js:15:19)
    at Object.eval [as main] (eval at createFunctionContext (C:\Users\user\repos\secdv-mp\node_modules\handlebars\dist\cjs\handlebars\compiler\javascript-compiler.js:262:23), <anonymous>:30:49)
    at main (C:\Users\user\repos\secdv-mp\node_modules\handlebars\dist\cjs\handlebars\runtime.js:208:32)
    at ret (C:\Users\user\repos\secdv-mp\node_modules\handlebars\dist\cjs\handlebars\runtime.js:212:12)
[2025-11-22T17:59:51.760Z] 404 NOT FOUND - IP: ::1, Method: GET, URL: /.well-known/appspecific/com.chrome.devtools.json
[2025-11-22T17:59:56.396Z] ERROR - IP: ::1, Method: GET, URL: /condo/2-torre, Error: Cannot read properties of undefined (reading 'toString')
Stack: TypeError: Cannot read properties of undefined (reading 'toString')
    at Object.if_eq (C:\Users\user\repos\secdv-mp\app.js:39:19)
    at Object.wrapper (C:\Users\user\repos\secdv-mp\node_modules\handlebars\dist\cjs\handlebars\internal\wrapHelper.js:15:19)
    at eval (eval at createFunctionContext (C:\Users\user\repos\secdv-mp\node_modules\handlebars\dist\cjs\handlebars\compiler\javascript-compiler.js:262:23), <anonymous>:39:104)
    at prog (C:\Users\user\repos\secdv-mp\node_modules\handlebars\dist\cjs\handlebars\runtime.js:268:12)
    at execIteration (C:\Users\user\repos\secdv-mp\node_modules\handlebars\dist\cjs\handlebars\helpers\each.js:51:19)
    at Object.<anonymous> (C:\Users\user\repos\secdv-mp\node_modules\handlebars\dist\cjs\handlebars\helpers\each.js:61:13)
    at Object.wrapper (C:\Users\user\repos\secdv-mp\node_modules\handlebars\dist\cjs\handlebars\internal\wrapHelper.js:15:19)
    at Object.eval [as main] (eval at createFunctionContext (C:\Users\user\repos\secdv-mp\node_modules\handlebars\dist\cjs\handlebars\compiler\javascript-compiler.js:262:23), <anonymous>:30:49)
    at main (C:\Users\user\repos\secdv-mp\node_modules\handlebars\dist\cjs\handlebars\runtime.js:208:32)
    at ret (C:\Users\user\repos\secdv-mp\node_modules\handlebars\dist\cjs\handlebars\runtime.js:212:12)
[2025-11-22T17:59:56.457Z] 404 NOT FOUND - IP: ::1, Method: GET, URL: /.well-known/appspecific/com.chrome.devtools.json
[2025-11-22T18:00:16.221Z] 404 NOT FOUND - IP: ::1, Method: GET, URL: /.well-known/appspecific/com.chrome.devtools.json
[2025-11-22T18:00:16.259Z] 404 NOT FOUND - IP: ::1, Method: GET, URL: /.well-known/appspecific/com.chrome.devtools.json
[2025-11-22T18:00:18.360Z] ERROR - IP: ::1, Method: GET, URL: /condo/green-residence, Error: Cannot read properties of undefined (reading 'toString')
Stack: TypeError: Cannot read properties of undefined (reading 'toString')
    at Object.if_eq (C:\Users\user\repos\secdv-mp\app.js:39:19)
    at Object.wrapper (C:\Users\user\repos\secdv-mp\node_modules\handlebars\dist\cjs\handlebars\internal\wrapHelper.js:15:19)
    at eval (eval at createFunctionContext (C:\Users\user\repos\secdv-mp\node_modules\handlebars\dist\cjs\handlebars\compiler\javascript-compiler.js:262:23), <anonymous>:39:104)
    at prog (C:\Users\user\repos\secdv-mp\node_modules\handlebars\dist\cjs\handlebars\runtime.js:268:12)
    at execIteration (C:\Users\user\repos\secdv-mp\node_modules\handlebars\dist\cjs\handlebars\helpers\each.js:51:19)
    at Object.<anonymous> (C:\Users\user\repos\secdv-mp\node_modules\handlebars\dist\cjs\handlebars\helpers\each.js:61:13)
    at Object.wrapper (C:\Users\user\repos\secdv-mp\node_modules\handlebars\dist\cjs\handlebars\internal\wrapHelper.js:15:19)
    at Object.eval [as main] (eval at createFunctionContext (C:\Users\user\repos\secdv-mp\node_modules\handlebars\dist\cjs\handlebars\compiler\javascript-compiler.js:262:23), <anonymous>:30:49)
    at main (C:\Users\user\repos\secdv-mp\node_modules\handlebars\dist\cjs\handlebars\runtime.js:208:32)
    at ret (C:\Users\user\repos\secdv-mp\node_modules\handlebars\dist\cjs\handlebars\runtime.js:212:12)
[2025-11-22T18:00:18.456Z] 404 NOT FOUND - IP: ::1, Method: GET, URL: /.well-known/appspecific/com.chrome.devtools.json
[2025-11-22T18:00:19.541Z] 404 NOT FOUND - IP: ::1, Method: GET, URL: /.well-known/appspecific/com.chrome.devtools.json
[2025-11-22T18:00:19.607Z] 404 NOT FOUND - IP: ::1, Method: GET, URL: /.well-known/appspecific/com.chrome.devtools.json
[2025-11-22T18:00:20.202Z] 404 NOT FOUND - IP: ::1, Method: GET, URL: /.well-known/appspecific/com.chrome.devtools.json
[2025-11-22T18:00:21.516Z] 404 NOT FOUND - IP: ::1, Method: GET, URL: /.well-known/appspecific/com.chrome.devtools.json
[2025-11-22T18:00:21.580Z] 404 NOT FOUND - IP: ::1, Method: GET, URL: /.well-known/appspecific/com.chrome.devtools.json
[2025-11-22T18:01:17.593Z] 404 NOT FOUND - IP: ::1, Method: GET, URL: /.well-known/appspecific/com.chrome.devtools.json
[2025-11-22T18:01:21.749Z] 404 NOT FOUND - IP: ::1, Method: GET, URL: /.well-known/appspecific/com.chrome.devtools.json
[2025-11-22T18:01:23.905Z] 404 NOT FOUND - IP: ::1, Method: GET, URL: /.well-known/appspecific/com.chrome.devtools.json
[2025-11-22T18:01:25.146Z] 404 NOT FOUND - IP: ::1, Method: GET, URL: /.well-known/appspecific/com.chrome.devtools.json
[2025-11-22T18:02:57.539Z] 404 NOT FOUND - IP: ::1, Method: GET, URL: /.well-known/appspecific/com.chrome.devtools.json
[2025-11-22T18:03:00.247Z] 404 NOT FOUND - IP: ::1, Method: GET, URL: /.well-known/appspecific/com.chrome.devtools.json
[2025-11-22T18:03:02.247Z] 404 NOT FOUND - IP: ::1, Method: GET, URL: /.well-known/appspecific/com.chrome.devtools.json
[2025-11-22T18:03:04.005Z] 404 NOT FOUND - IP: ::1, Method: GET, URL: /.well-known/appspecific/com.chrome.devtools.json
[2025-11-22T18:03:05.268Z] 404 NOT FOUND - IP: ::1, Method: GET, URL: /.well-known/appspecific/com.chrome.devtools.json
[2025-11-22T18:03:06.513Z] 404 NOT FOUND - IP: ::1, Method: GET, URL: /.well-known/appspecific/com.chrome.devtools.json
[2025-11-22T18:03:27.022Z] 404 NOT FOUND - IP: ::1, Method: GET, URL: /.well-known/appspecific/com.chrome.devtools.json
[2025-11-22T18:03:29.021Z] 404 NOT FOUND - IP: ::1, Method: GET, URL: /.well-known/appspecific/com.chrome.devtools.json
[2025-11-22T18:03:29.090Z] 404 NOT FOUND - IP: ::1, Method: GET, URL: /.well-known/appspecific/com.chrome.devtools.json
[2025-11-22T18:03:30.435Z] 404 NOT FOUND - IP: ::1, Method: GET, URL: /.well-known/appspecific/com.chrome.devtools.json
[2025-11-22T18:03:48.033Z] 404 NOT FOUND - IP: ::1, Method: GET, URL: /.well-known/appspecific/com.chrome.devtools.json
[2025-11-22T18:03:53.718Z] 404 NOT FOUND - IP: ::1, Method: GET, URL: /.well-known/appspecific/com.chrome.devtools.json
[2025-11-22T18:04:06.015Z] 404 NOT FOUND - IP: ::1, Method: GET, URL: /.well-known/appspecific/com.chrome.devtools.json
[2025-11-22T18:04:38.689Z] 404 NOT FOUND - IP: ::1, Method: GET, URL: /.well-known/appspecific/com.chrome.devtools.json
[2025-11-22T18:04:43.150Z] 404 NOT FOUND - IP: ::1, Method: GET, URL: /.well-known/appspecific/com.chrome.devtools.json
[2025-11-22T18:04:46.825Z] 404 NOT FOUND - IP: ::1, Method: GET, URL: /.well-known/appspecific/com.chrome.devtools.json
[2025-11-22T18:04:46.891Z] 404 NOT FOUND - IP: ::1, Method: GET, URL: /.well-known/appspecific/com.chrome.devtools.json
[2025-11-22T18:04:48.956Z] 404 NOT FOUND - IP: ::1, Method: GET, URL: /.well-known/appspecific/com.chrome.devtools.json
[2025-11-22T18:05:16.848Z] 404 NOT FOUND - IP: ::1, Method: GET, URL: /.well-known/appspecific/com.chrome.devtools.json
[2025-11-22T18:05:22.846Z] 404 NOT FOUND - IP: ::1, Method: GET, URL: /.well-known/appspecific/com.chrome.devtools.json
[2025-11-22T18:08:38.444Z] ERROR - IP: ::1, Method: GET, URL: /condo/burgundy/edit, Error: Parse error on line 35:
...                  {{else}}          
----------------------^
Expecting 'OPEN_ENDBLOCK', got 'INVERSE'
Stack: Error: Parse error on line 35:
...                  {{else}}          
----------------------^
Expecting 'OPEN_ENDBLOCK', got 'INVERSE'
    at Parser.parseError (C:\Users\user\repos\secdv-mp\node_modules\handlebars\dist\cjs\handlebars\compiler\parser.js:267:19)
    at Parser.parse (C:\Users\user\repos\secdv-mp\node_modules\handlebars\dist\cjs\handlebars\compiler\parser.js:336:30)
    at parseWithoutProcessing (C:\Users\user\repos\secdv-mp\node_modules\handlebars\dist\cjs\handlebars\compiler\base.js:46:33)
    at HandlebarsEnvironment.parse (C:\Users\user\repos\secdv-mp\node_modules\handlebars\dist\cjs\handlebars\compiler\base.js:52:13)
    at compileInput (C:\Users\user\repos\secdv-mp\node_modules\handlebars\dist\cjs\handlebars\compiler\compiler.js:508:19)
    at ret (C:\Users\user\repos\secdv-mp\node_modules\handlebars\dist\cjs\handlebars\compiler\compiler.js:517:18)
    at ExpressHandlebars._renderTemplate (C:\Users\user\repos\secdv-mp\node_modules\express-handlebars\dist\express-handlebars.js:244:16)
    at ExpressHandlebars.<anonymous> (C:\Users\user\repos\secdv-mp\node_modules\express-handlebars\dist\express-handlebars.js:156:31)
    at Generator.next (<anonymous>)
    at fulfilled (C:\Users\user\repos\secdv-mp\node_modules\express-handlebars\dist\express-handlebars.js:10:58)
[2025-11-22T18:08:39.497Z] ERROR - IP: ::1, Method: GET, URL: /condo/burgundy/edit, Error: Parse error on line 35:
...                  {{else}}          
----------------------^
Expecting 'OPEN_ENDBLOCK', got 'INVERSE'
Stack: Error: Parse error on line 35:
...                  {{else}}          
----------------------^
Expecting 'OPEN_ENDBLOCK', got 'INVERSE'
    at Parser.parseError (C:\Users\user\repos\secdv-mp\node_modules\handlebars\dist\cjs\handlebars\compiler\parser.js:267:19)
    at Parser.parse (C:\Users\user\repos\secdv-mp\node_modules\handlebars\dist\cjs\handlebars\compiler\parser.js:336:30)
    at parseWithoutProcessing (C:\Users\user\repos\secdv-mp\node_modules\handlebars\dist\cjs\handlebars\compiler\base.js:46:33)
    at HandlebarsEnvironment.parse (C:\Users\user\repos\secdv-mp\node_modules\handlebars\dist\cjs\handlebars\compiler\base.js:52:13)
    at compileInput (C:\Users\user\repos\secdv-mp\node_modules\handlebars\dist\cjs\handlebars\compiler\compiler.js:508:19)
    at ret (C:\Users\user\repos\secdv-mp\node_modules\handlebars\dist\cjs\handlebars\compiler\compiler.js:517:18)
    at ExpressHandlebars._renderTemplate (C:\Users\user\repos\secdv-mp\node_modules\express-handlebars\dist\express-handlebars.js:244:16)
    at ExpressHandlebars.<anonymous> (C:\Users\user\repos\secdv-mp\node_modules\express-handlebars\dist\express-handlebars.js:156:31)
    at Generator.next (<anonymous>)
    at fulfilled (C:\Users\user\repos\secdv-mp\node_modules\express-handlebars\dist\express-handlebars.js:10:58)
[2025-11-22T18:11:12.027Z] ERROR - IP: ::1, Method: GET, URL: /condo/burgundy/edit, Error: Parse error on line 56:
...    </body></html>
----------------------^
Expecting 'OPEN_ENDBLOCK', got 'EOF'
Stack: Error: Parse error on line 56:
...    </body></html>
----------------------^
Expecting 'OPEN_ENDBLOCK', got 'EOF'
    at Parser.parseError (C:\Users\user\repos\secdv-mp\node_modules\handlebars\dist\cjs\handlebars\compiler\parser.js:267:19)
    at Parser.parse (C:\Users\user\repos\secdv-mp\node_modules\handlebars\dist\cjs\handlebars\compiler\parser.js:336:30)
    at parseWithoutProcessing (C:\Users\user\repos\secdv-mp\node_modules\handlebars\dist\cjs\handlebars\compiler\base.js:46:33)
    at HandlebarsEnvironment.parse (C:\Users\user\repos\secdv-mp\node_modules\handlebars\dist\cjs\handlebars\compiler\base.js:52:13)
    at compileInput (C:\Users\user\repos\secdv-mp\node_modules\handlebars\dist\cjs\handlebars\compiler\compiler.js:508:19)
    at ret (C:\Users\user\repos\secdv-mp\node_modules\handlebars\dist\cjs\handlebars\compiler\compiler.js:517:18)
    at ExpressHandlebars._renderTemplate (C:\Users\user\repos\secdv-mp\node_modules\express-handlebars\dist\express-handlebars.js:244:16)
    at ExpressHandlebars.<anonymous> (C:\Users\user\repos\secdv-mp\node_modules\express-handlebars\dist\express-handlebars.js:156:31)
    at Generator.next (<anonymous>)
    at fulfilled (C:\Users\user\repos\secdv-mp\node_modules\express-handlebars\dist\express-handlebars.js:10:58)
[2025-11-22T18:11:13.501Z] ERROR - IP: ::1, Method: GET, URL: /condo/burgundy/edit, Error: Parse error on line 56:
...    </body></html>
----------------------^
Expecting 'OPEN_ENDBLOCK', got 'EOF'
Stack: Error: Parse error on line 56:
...    </body></html>
----------------------^
Expecting 'OPEN_ENDBLOCK', got 'EOF'
    at Parser.parseError (C:\Users\user\repos\secdv-mp\node_modules\handlebars\dist\cjs\handlebars\compiler\parser.js:267:19)
    at Parser.parse (C:\Users\user\repos\secdv-mp\node_modules\handlebars\dist\cjs\handlebars\compiler\parser.js:336:30)
    at parseWithoutProcessing (C:\Users\user\repos\secdv-mp\node_modules\handlebars\dist\cjs\handlebars\compiler\base.js:46:33)
    at HandlebarsEnvironment.parse (C:\Users\user\repos\secdv-mp\node_modules\handlebars\dist\cjs\handlebars\compiler\base.js:52:13)
    at compileInput (C:\Users\user\repos\secdv-mp\node_modules\handlebars\dist\cjs\handlebars\compiler\compiler.js:508:19)
    at ret (C:\Users\user\repos\secdv-mp\node_modules\handlebars\dist\cjs\handlebars\compiler\compiler.js:517:18)
    at ExpressHandlebars._renderTemplate (C:\Users\user\repos\secdv-mp\node_modules\express-handlebars\dist\express-handlebars.js:244:16)
    at ExpressHandlebars.<anonymous> (C:\Users\user\repos\secdv-mp\node_modules\express-handlebars\dist\express-handlebars.js:156:31)
    at Generator.next (<anonymous>)
    at fulfilled (C:\Users\user\repos\secdv-mp\node_modules\express-handlebars\dist\express-handlebars.js:10:58)
[2025-11-22T18:11:20.958Z] ERROR - IP: ::1, Method: GET, URL: /condo/burgundy/edit, Error: Parse error on line 56:
...    </body></html>
----------------------^
Expecting 'OPEN_ENDBLOCK', got 'EOF'
Stack: Error: Parse error on line 56:
...    </body></html>
----------------------^
Expecting 'OPEN_ENDBLOCK', got 'EOF'
    at Parser.parseError (C:\Users\user\repos\secdv-mp\node_modules\handlebars\dist\cjs\handlebars\compiler\parser.js:267:19)
    at Parser.parse (C:\Users\user\repos\secdv-mp\node_modules\handlebars\dist\cjs\handlebars\compiler\parser.js:336:30)
    at parseWithoutProcessing (C:\Users\user\repos\secdv-mp\node_modules\handlebars\dist\cjs\handlebars\compiler\base.js:46:33)
    at HandlebarsEnvironment.parse (C:\Users\user\repos\secdv-mp\node_modules\handlebars\dist\cjs\handlebars\compiler\base.js:52:13)
    at compileInput (C:\Users\user\repos\secdv-mp\node_modules\handlebars\dist\cjs\handlebars\compiler\compiler.js:508:19)
    at ret (C:\Users\user\repos\secdv-mp\node_modules\handlebars\dist\cjs\handlebars\compiler\compiler.js:517:18)
    at ExpressHandlebars._renderTemplate (C:\Users\user\repos\secdv-mp\node_modules\express-handlebars\dist\express-handlebars.js:244:16)
    at ExpressHandlebars.<anonymous> (C:\Users\user\repos\secdv-mp\node_modules\express-handlebars\dist\express-handlebars.js:156:31)
    at Generator.next (<anonymous>)
    at fulfilled (C:\Users\user\repos\secdv-mp\node_modules\express-handlebars\dist\express-handlebars.js:10:58)
[2025-11-22T18:14:40.582Z] 404 NOT FOUND - IP: ::1, Method: GET, URL: /.well-known/appspecific/com.chrome.devtools.json
[2025-11-22T18:15:21.549Z] 404 NOT FOUND - IP: ::1, Method: GET, URL: /.well-known/appspecific/com.chrome.devtools.json
[2025-11-22T18:19:33.109Z] 404 NOT FOUND - IP: ::1, Method: GET, URL: /.well-known/appspecific/com.chrome.devtools.json
[2025-11-22T18:20:01.676Z] 404 NOT FOUND - IP: ::1, Method: GET, URL: /.well-known/appspecific/com.chrome.devtools.json
[2025-11-22T18:21:39.112Z] 404 NOT FOUND - IP: ::1, Method: GET, URL: /.well-known/appspecific/com.chrome.devtools.json
[2025-11-22T19:06:38.468Z] 404 NOT FOUND - IP: ::1, Method: GET, URL: /admin/
[2025-11-22T19:06:44.513Z] AUTH SUCCESS - Username: burg_owner, IP: ::1, Reason: User logged out
[2025-11-22T19:06:52.984Z] AUTH SUCCESS - Username: admin, IP: ::1, Reason: Login successful
[2025-11-22T19:07:07.529Z] 404 NOT FOUND - IP: ::1, Method: GET, URL: /admin-dashboard.js
[2025-11-22T19:07:48.018Z] 404 NOT FOUND - IP: ::1, Method: GET, URL: /admin-dashboard.js
[2025-11-22T19:07:54.234Z] 404 NOT FOUND - IP: ::1, Method: GET, URL: /admin-dashboard.js
[2025-11-22T19:08:13.555Z] 404 NOT FOUND - IP: ::1, Method: GET, URL: /admin-dashboard.js
[2025-11-22T19:08:35.414Z] 404 NOT FOUND - IP: ::1, Method: GET, URL: /.well-known/appspecific/com.chrome.devtools.json
[2025-11-22T19:08:47.099Z] 404 NOT FOUND - IP: ::1, Method: GET, URL: /.well-known/appspecific/com.chrome.devtools.json
[2025-11-22T19:08:47.107Z] 404 NOT FOUND - IP: ::1, Method: GET, URL: /admin-dashboard.js
[2025-11-22T19:08:59.353Z] 404 NOT FOUND - IP: ::1, Method: GET, URL: /admin-dashboard.js
[2025-11-22T19:09:08.855Z] 404 NOT FOUND - IP: ::1, Method: GET, URL: /admin-dashboard.js
[2025-11-22T19:09:14.437Z] 404 NOT FOUND - IP: ::1, Method: GET, URL: /admin-dashboard.js
[2025-11-22T19:09:27.973Z] 404 NOT FOUND - IP: ::1, Method: GET, URL: /admin-dashboard.js
[2025-11-22T19:09:36.480Z] 404 NOT FOUND - IP: ::1, Method: GET, URL: /admin-dashboard.js
[2025-11-22T19:09:47.383Z] 404 NOT FOUND - IP: ::1, Method: GET, URL: /.well-known/appspecific/com.chrome.devtools.json
[2025-11-22T19:09:57.324Z] 404 NOT FOUND - IP: ::1, Method: GET, URL: /.well-known/appspecific/com.chrome.devtools.json
[2025-11-22T19:09:57.334Z] 404 NOT FOUND - IP: ::1, Method: GET, URL: /admin-dashboard.js
[2025-11-22T19:10:14.956Z] 404 NOT FOUND - IP: ::1, Method: GET, URL: /admin-dashboard.js
[2025-11-22T19:10:16.295Z] 404 NOT FOUND - IP: ::1, Method: GET, URL: /admin-dashboard.js
[2025-11-22T19:10:17.350Z] 404 NOT FOUND - IP: ::1, Method: GET, URL: /admin-dashboard.js
[2025-11-22T19:10:23.572Z] 404 NOT FOUND - IP: ::1, Method: GET, URL: /admin-dashboard.js
[2025-11-22T19:10:29.781Z] 404 NOT FOUND - IP: ::1, Method: GET, URL: /admin-dashboard.js
[2025-11-22T19:10:48.054Z] 404 NOT FOUND - IP: ::1, Method: GET, URL: /admin-dashboard.js
[2025-11-22T19:10:56.670Z] 404 NOT FOUND - IP: ::1, Method: GET, URL: /admin-dashboard.js
[2025-11-22T19:11:05.636Z] 404 NOT FOUND - IP: ::1, Method: GET, URL: /admin-dashboard.js
[2025-11-22T19:11:15.127Z] 404 NOT FOUND - IP: ::1, Method: GET, URL: /admin-dashboard.js
[2025-11-22T19:11:17.559Z] 404 NOT FOUND - IP: ::1, Method: GET, URL: /.well-known/appspecific/com.chrome.devtools.json
[2025-11-22T19:12:16.891Z] 404 NOT FOUND - IP: ::1, Method: GET, URL: /.well-known/appspecific/com.chrome.devtools.json
[2025-11-22T19:12:16.900Z] 404 NOT FOUND - IP: ::1, Method: GET, URL: /admin-dashboard.js
[2025-11-22T19:13:14.680Z] 404 NOT FOUND - IP: ::1, Method: GET, URL: /admin-dashboard.js
[2025-11-22T19:13:27.064Z] 404 NOT FOUND - IP: ::1, Method: GET, URL: /admin-dashboard.js
[2025-11-22T19:13:27.992Z] 404 NOT FOUND - IP: ::1, Method: GET, URL: /admin-dashboard.js
[2025-11-22T19:13:31.991Z] 404 NOT FOUND - IP: ::1, Method: GET, URL: /admin-dashboard.js
[2025-11-22T19:13:55.047Z] 404 NOT FOUND - IP: ::1, Method: GET, URL: /.well-known/appspecific/com.chrome.devtools.json
[2025-11-22T19:15:11.008Z] 404 NOT FOUND - IP: ::1, Method: GET, URL: /logs
[2025-11-22T19:15:11.096Z] 404 NOT FOUND - IP: ::1, Method: GET, URL: /.well-known/appspecific/com.chrome.devtools.json
[2025-11-22T19:15:14.050Z] 404 NOT FOUND - IP: ::1, Method: GET, URL: /.well-known/appspecific/com.chrome.devtools.json
[2025-11-22T19:15:14.118Z] 404 NOT FOUND - IP: ::1, Method: GET, URL: /.well-known/appspecific/com.chrome.devtools.json
[2025-11-22T19:15:44.847Z] 404 NOT FOUND - IP: ::1, Method: GET, URL: /.well-known/appspecific/com.chrome.devtools.json
[2025-11-22T19:15:44.860Z] 404 NOT FOUND - IP: ::1, Method: GET, URL: /admin-dashboard.js
[2025-11-22T19:15:56.093Z] 404 NOT FOUND - IP: ::1, Method: GET, URL: /admin-dashboard.js
[2025-11-22T19:16:00.383Z] 404 NOT FOUND - IP: ::1, Method: GET, URL: /admin-dashboard.js
[2025-11-22T19:16:03.623Z] 404 NOT FOUND - IP: ::1, Method: GET, URL: /admin/users
[2025-11-22T19:16:09.558Z] 404 NOT FOUND - IP: ::1, Method: GET, URL: /admin-dashboard.js
[2025-11-22T19:16:38.269Z] 404 NOT FOUND - IP: ::1, Method: GET, URL: /.well-known/appspecific/com.chrome.devtools.json
[2025-11-22T19:17:14.532Z] 404 NOT FOUND - IP: ::1, Method: GET, URL: /logs
[2025-11-22T19:17:30.452Z] 404 NOT FOUND - IP: ::1, Method: GET, URL: /admin-dashboard.js
[2025-11-22T19:19:38.933Z] 404 NOT FOUND - IP: ::1, Method: GET, URL: /admin-dashboard.js
[2025-11-22T19:20:15.015Z] 404 NOT FOUND - IP: ::1, Method: GET, URL: /admin-dashboard.js
[2025-11-22T19:21:51.120Z] 404 NOT FOUND - IP: ::1, Method: GET, URL: /admin-dashboard.js
[2025-11-22T19:22:00.455Z] 404 NOT FOUND - IP: ::1, Method: GET, URL: /.well-known/appspecific/com.chrome.devtools.json
[2025-11-22T19:22:26.953Z] 404 NOT FOUND - IP: ::1, Method: GET, URL: /.well-known/appspecific/com.chrome.devtools.json
[2025-11-22T19:22:29.148Z] 404 NOT FOUND - IP: ::1, Method: GET, URL: /.well-known/appspecific/com.chrome.devtools.json
[2025-11-22T19:22:29.213Z] 404 NOT FOUND - IP: ::1, Method: GET, URL: /.well-known/appspecific/com.chrome.devtools.json
[2025-11-22T19:23:09.305Z] 404 NOT FOUND - IP: ::1, Method: GET, URL: /.well-known/appspecific/com.chrome.devtools.json
[2025-11-22T19:23:09.315Z] 404 NOT FOUND - IP: ::1, Method: GET, URL: /admin-dashboard.js
[2025-11-22T19:23:14.576Z] 404 NOT FOUND - IP: ::1, Method: GET, URL: /.well-known/appspecific/com.chrome.devtools.json
[2025-11-22T19:23:15.979Z] 404 NOT FOUND - IP: ::1, Method: GET, URL: /.well-known/appspecific/com.chrome.devtools.json
[2025-11-22T19:23:16.051Z] 404 NOT FOUND - IP: ::1, Method: GET, URL: /.well-known/appspecific/com.chrome.devtools.json
[2025-11-22T19:24:20.879Z] 404 NOT FOUND - IP: ::1, Method: GET, URL: /.well-known/appspecific/com.chrome.devtools.json
[2025-11-22T19:24:20.898Z] 404 NOT FOUND - IP: ::1, Method: GET, URL: /admin-dashboard.js
[2025-11-22T19:24:30.956Z] 404 NOT FOUND - IP: ::1, Method: GET, URL: /.well-known/appspecific/com.chrome.devtools.json
[2025-11-22T19:24:30.961Z] 404 NOT FOUND - IP: ::1, Method: GET, URL: /admin-dashboard.js
[2025-11-22T19:24:39.758Z] 404 NOT FOUND - IP: ::1, Method: GET, URL: /.well-known/appspecific/com.chrome.devtools.json
[2025-11-22T19:24:39.775Z] 404 NOT FOUND - IP: ::1, Method: GET, URL: /admin-dashboard.js
[2025-11-22T19:25:00.526Z] 404 NOT FOUND - IP: ::1, Method: GET, URL: /.well-known/appspecific/com.chrome.devtools.json
[2025-11-22T19:25:00.535Z] 404 NOT FOUND - IP: ::1, Method: GET, URL: /admin-dashboard.js
[2025-11-22T19:26:10.747Z] 404 NOT FOUND - IP: ::1, Method: GET, URL: /.well-known/appspecific/com.chrome.devtools.json
[2025-11-22T19:26:13.702Z] 404 NOT FOUND - IP: ::1, Method: GET, URL: /.well-known/appspecific/com.chrome.devtools.json
[2025-11-22T19:26:13.764Z] 404 NOT FOUND - IP: ::1, Method: GET, URL: /.well-known/appspecific/com.chrome.devtools.json
[2025-11-22T19:27:10.753Z] 404 NOT FOUND - IP: ::1, Method: GET, URL: /admin-dashboard.js
[2025-11-22T19:27:14.666Z] 404 NOT FOUND - IP: ::1, Method: GET, URL: /admin-dashboard.js
[2025-11-22T19:29:33.658Z] 404 NOT FOUND - IP: ::1, Method: GET, URL: /admin-dashboard.js
[2025-11-22T19:29:43.148Z] 404 NOT FOUND - IP: ::1, Method: GET, URL: /.well-known/appspecific/com.chrome.devtools.json
[2025-11-22T19:30:17.652Z] 404 NOT FOUND - IP: ::1, Method: GET, URL: /admin-dashboard.js
[2025-11-22T19:31:01.120Z] 404 NOT FOUND - IP: ::1, Method: GET, URL: /admin-dashboard.js
[2025-11-22T19:31:37.087Z] 404 NOT FOUND - IP: ::ffff:127.0.0.1, Method: GET, URL: /admin-dashboard.js
[2025-11-22T19:35:52.709Z] 404 NOT FOUND - IP: ::1, Method: GET, URL: /.well-known/appspecific/com.chrome.devtools.json
[2025-11-22T19:37:13.666Z] 404 NOT FOUND - IP: ::1, Method: GET, URL: /.well-known/appspecific/com.chrome.devtools.json
[2025-11-22T19:37:34.001Z] 404 NOT FOUND - IP: ::1, Method: GET, URL: /.well-known/appspecific/com.chrome.devtools.json
[2025-11-22T19:37:43.096Z] 404 NOT FOUND - IP: ::1, Method: GET, URL: /.well-known/appspecific/com.chrome.devtools.json
[2025-11-22T19:37:56.317Z] 404 NOT FOUND - IP: ::1, Method: GET, URL: /.well-known/appspecific/com.chrome.devtools.json
[2025-11-22T19:38:22.103Z] 404 NOT FOUND - IP: ::1, Method: GET, URL: /.well-known/appspecific/com.chrome.devtools.json
[2025-11-22T19:39:17.907Z] 404 NOT FOUND - IP: ::1, Method: GET, URL: /.well-known/appspecific/com.chrome.devtools.json
[2025-11-22T19:45:21.841Z] 404 NOT FOUND - IP: ::1, Method: GET, URL: /admin/users/65edeaf7b754b09640686ab4/edit
[2025-11-22T19:45:24.884Z] 404 NOT FOUND - IP: ::1, Method: GET, URL: /admin/users/create
[2025-11-22T19:46:09.756Z] 404 NOT FOUND - IP: ::1, Method: GET, URL: /.well-known/appspecific/com.chrome.devtools.json
[2025-11-22T19:47:16.678Z] 404 NOT FOUND - IP: ::1, Method: GET, URL: /.well-known/appspecific/com.chrome.devtools.json
[2025-11-22T19:47:42.483Z] 404 NOT FOUND - IP: ::1, Method: GET, URL: /.well-known/appspecific/com.chrome.devtools.json
[2025-11-22T19:48:12.298Z] 404 NOT FOUND - IP: ::1, Method: GET, URL: /.well-known/appspecific/com.chrome.devtools.json
[2025-11-23T06:46:58.925Z] 404 NOT FOUND - IP: ::1, Method: GET, URL: /favicon.ico
[2025-11-23T06:47:08.948Z] AUTH FAILURE - Username: admin, IP: ::1, Reason: Invalid password
[2025-11-23T06:47:13.726Z] AUTH SUCCESS - Username: admin, IP: ::1, Reason: Login successful
[2025-11-23T06:48:23.182Z] 404 NOT FOUND - IP: ::1, Method: GET, URL: /admin/users/create
[2025-11-23T06:54:12.121Z] 404 NOT FOUND - IP: ::1, Method: GET, URL: /.well-known/appspecific/com.chrome.devtools.json
[2025-11-23T06:54:45.052Z] 404 NOT FOUND - IP: ::1, Method: GET, URL: /.well-known/appspecific/com.chrome.devtools.json
[2025-11-23T06:54:45.121Z] 404 NOT FOUND - IP: ::1, Method: GET, URL: /.well-known/appspecific/com.chrome.devtools.json
[2025-11-23T06:55:17.259Z] 404 NOT FOUND - IP: ::1, Method: GET, URL: /.well-known/appspecific/com.chrome.devtools.json
[2025-11-23T06:55:34.648Z] 404 NOT FOUND - IP: ::1, Method: GET, URL: /.well-known/appspecific/com.chrome.devtools.json
[2025-11-23T06:55:57.285Z] 404 NOT FOUND - IP: ::1, Method: GET, URL: /.well-known/appspecific/com.chrome.devtools.json
[2025-11-23T06:56:34.118Z] 404 NOT FOUND - IP: ::1, Method: GET, URL: /.well-known/appspecific/com.chrome.devtools.json
[2025-11-23T06:57:22.372Z] 404 NOT FOUND - IP: ::1, Method: GET, URL: /.well-known/appspecific/com.chrome.devtools.json
[2025-11-23T07:02:18.245Z] AUTH SUCCESS - Username: user3, IP: ::1, Reason: Login successful
[2025-11-23T07:02:18.360Z] 404 NOT FOUND - IP: ::1, Method: GET, URL: /images/default.png
[2025-11-23T07:02:18.632Z] 404 NOT FOUND - IP: ::1, Method: GET, URL: /images/default.png
[2025-11-23T07:03:44.956Z] 404 NOT FOUND - IP: ::1, Method: GET, URL: /images/default.png
[2025-11-23T07:06:33.989Z] 404 NOT FOUND - IP: ::1, Method: GET, URL: /images/default.png
[2025-11-23T07:07:15.238Z] 404 NOT FOUND - IP: ::1, Method: GET, URL: /images/default.png
[2025-11-23T07:21:58.347Z] AUTH SUCCESS - Username: torre3_owner, IP: ::1, Reason: Login successful
[2025-11-23T07:23:01.412Z] AUTH SUCCESS - Username: torre3_owner, IP: ::1, Reason: User logged out
[2025-11-23T07:25:18.599Z] REVIEW DELETED - ReviewID: 6922b64abf6897e40bbb7b09, CondoID: burgundy, DeletedBy: admin (UserID: 6921da32586f3d82e157553d)
[2025-11-23T07:25:34.304Z] AUTH SUCCESS - Username: admin, IP: ::1, Reason: User logged out
[2025-11-23T07:25:42.826Z] AUTH SUCCESS - Username: user, IP: ::1, Reason: Login successful
[2025-11-23T13:27:54.424Z] AUTH SUCCESS - Username: user, IP: ::1, Reason: User logged out
[2025-11-23T13:28:14.814Z] AUTH SUCCESS - Username: user, IP: ::1, Reason: Login successful
[2025-11-23T15:51:56.979Z] VALIDATION FAILURE - Field: user, Value: undefined, Reason: Field is required
[2025-11-23T15:57:40.112Z] VALIDATION FAILURE - Field: user, Value: undefined, Reason: Field is required
[2025-11-23T16:01:55.227Z] VALIDATION FAILURE - Field: bio, Value: undefined, Reason: Field is required
[2025-11-23T16:11:36.575Z] VALIDATION FAILURE - Field: user, Value: , Reason: Length must be between 3 and 50
[2025-11-23T16:16:56.216Z] VALIDATION FAILURE - Field: pass, Value: user, Reason: Length must be between 8 and 100
[2025-11-23T16:26:07.572Z] VALIDATION FAILURE - Field: user, Value: undefined, Reason: Field is required
[2025-11-23T16:34:47.468Z] 404 NOT FOUND - IP: ::1, Method: GET, URL: /favicon.ico
[2025-11-23T16:39:53.201Z] VALIDATION FAILURE - Field: pass, Value: pass, Reason: Length must be between 8 and 128
[2025-11-23T16:40:08.778Z] VALIDATION FAILURE - Field: user, Value: user#, Reason: Contains invalid characters. Only letters, numbers, underscores, and hyphens are allowed
[2025-11-23T16:46:13.578Z] AUTH SUCCESS - Username: user, IP: ::1, Reason: User logged out
[2025-11-23T16:46:24.028Z] AUTH SUCCESS - Username: admin, IP: ::1, Reason: Login successful
[2025-11-23T16:46:53.454Z] AUTH SUCCESS - Username: admin, IP: ::1, Reason: User logged out
[2025-11-23T16:47:19.469Z] AUTH SUCCESS - Username: whtaft_owner, IP: ::1, Reason: Login successful
[2025-11-23T16:47:56.984Z] REVIEW DELETED - ReviewID: 6921de0ad28e01f44d5dad82, CondoID: wh-taft, DeletedBy: whtaft_owner (UserID: 6921e8a8a3d47677d0fdc4e1)
[2025-11-23T16:48:16.228Z] AUTH SUCCESS - Username: whtaft_owner, IP: ::1, Reason: User logged out
[2025-11-23T16:48:22.850Z] AUTH FAILURE - Username: user, IP: ::1, Reason: Invalid username and/or password
[2025-11-23T16:48:27.123Z] AUTH FAILURE - Username: user, IP: ::1, Reason: Invalid username and/or password
[2025-11-23T16:48:33.934Z] AUTH FAILURE - Username: user, IP: ::1, Reason: Invalid username and/or password
[2025-11-23T16:48:42.911Z] AUTH FAILURE - Username: user, IP: ::1, Reason: Invalid username and/or password
[2025-11-23T16:51:45.679Z] AUTH SUCCESS - Username: user, IP: ::1, Reason: Login successful
[2025-11-23T16:57:48.872Z] AUTH SUCCESS - Username: user, IP: ::1, Reason: User logged out
[2025-11-23T16:57:53.645Z] AUTH SUCCESS - Username: user, IP: ::1, Reason: Login successful
[2025-11-23T17:00:39.821Z] AUTH SUCCESS - Username: user, IP: ::1, Reason: User logged out
[2025-11-23T17:00:46.019Z] AUTH FAILURE - Username: user, IP: ::1, Reason: Invalid username and/or password
[2025-11-23T17:00:51.174Z] AUTH FAILURE - Username: user1231, IP: ::1, Reason: Invalid username and/or password
[2025-11-23T17:01:33.008Z] VALIDATION FAILURE - Field: undefined, Value: undefined, Reason: Field is required
[2025-11-23T17:02:22.975Z] 404 NOT FOUND - IP: ::1, Method: GET, URL: /.well-known/appspecific/com.chrome.devtools.json
[2025-11-23T17:03:24.783Z] 404 NOT FOUND - IP: ::1, Method: GET, URL: /.well-known/appspecific/com.chrome.devtools.json
[2025-11-23T17:03:40.035Z] VALIDATION FAILURE - Field: password, Value: user, Reason: Length must be between 8 and 128
[2025-11-23T17:03:50.097Z] AUTH FAILURE - Username: user4, IP: ::1, Reason: Password must contain upper-case, lower-case, number and special character.
[2025-11-23T17:04:07.683Z] AUTH FAILURE - Username: user4, IP: ::1, Reason: Password must contain upper-case, lower-case, number and special character.
[2025-11-23T17:04:18.568Z] AUTH FAILURE - Username: user4, IP: ::1, Reason: Password must contain upper-case, lower-case, number and special character.
